2020-04-17 21:32:11.847  INFO 12132 --- [main] com.zt.App                               : Starting App on LAPTOP-KG51G72I with PID 12132 (D:\IdeaProjects\laji\test1\target\classes started by W in D:\IdeaProjects\laji)
2020-04-17 21:32:11.850  INFO 12132 --- [main] com.zt.App                               : No active profile set, falling back to default profiles: default
2020-04-17 21:32:11.903  INFO 12132 --- [main] ConfigServletWebServerApplicationContext : Refreshing org.springframework.boot.web.servlet.context.AnnotationConfigServletWebServerApplicationContext@50eac852: startup date [Fri Apr 17 21:32:11 CST 2020]; root of context hierarchy
2020-04-17 21:32:12.824  INFO 12132 --- [main] o.s.b.w.embedded.tomcat.TomcatWebServer  : Tomcat initialized with port(s): 8080 (http)
2020-04-17 21:32:12.846  INFO 12132 --- [main] o.apache.catalina.core.StandardService   : Starting service [Tomcat]
2020-04-17 21:32:12.847  INFO 12132 --- [main] org.apache.catalina.core.StandardEngine  : Starting Servlet Engine: Apache Tomcat/8.5.34
2020-04-17 21:32:12.850  INFO 12132 --- [localhost-startStop-1] o.a.catalina.core.AprLifecycleListener   : The APR based Apache Tomcat Native library which allows optimal performance in production environments was not found on the java.library.path: [C:\Java\jdk1.8.0_231\bin;C:\WINDOWS\Sun\Java\bin;C:\WINDOWS\system32;C:\WINDOWS;D:\Program Files\Xshell 6\;D:\Program Files\Basler\pylon 5\Runtime\Win32\;D:\Program Files\Basler\pylon 5\Runtime\x64\;C:\Program Files (x86)\Intel\iCLS Client\;C:\Program Files\Intel\iCLS Client\;C:\WINDOWS\system32;C:\WINDOWS;C:\WINDOWS\System32\Wbem;C:\WINDOWS\System32\WindowsPowerShell\v1.0\;C:\Program Files (x86)\Intel\Intel(R) Management Engine Components\DAL;C:\Program Files\Intel\Intel(R) Management Engine Components\DAL;C:\Program Files (x86)\Intel\Intel(R) Management Engine Components\IPT;C:\Program Files\Intel\Intel(R) Management Engine Components\IPT;C:\WINDOWS\System32\OpenSSH\;C:\Program Files (x86)\Microsoft SQL Server\100\Tools\Binn\;C:\Program Files\Microsoft SQL Server\100\Tools\Binn\;C:\Program Files\Microsoft SQL Server\100\DTS\Binn\;d:\Program Files\MVTec\HALCON-12.0\bin\x86sse2-win32;d:\Program Files\MVTec\HALCON-12.0\FLEXlm\x86sse2-win32;C:\Strawberry\c\bin;C:\Strawberry\perl\site\bin;C:\Strawberry\perl\bin;D:\Program Files\opencv\build\x86\vc10\bin;D:\Emgu\emgucv-windesktop 4.1.0.3420\bin;D:\Qt\Qt5.12.3\5.12.3\mingw73_32\bin;C:\Python27;D:\Program Files\opencv\build\python\2.7;C:\Python27\Scripts;D:\Program Files\opencv\build\python\2.7\x64;D:\phpStudy\PHPTutorial\php\php-5.4.45;C:\Java\jdk1.8.0_231\bin;D:\Program Files\MySQL\MySQL Server 5.5\bin;C:\Program Files\Intel\WiFi\bin\;C:\Program Files\Common Files\Intel\WirelessCommon\;D:\Program Files\apache-maven-3.5.2\bin;D:\Program Files\gradle-3.5\bin;D:\Program Files\nodejs\;D:\Program Files\nodejs\node_global;d:\Program Files\Git\cmd;C:\Users\W\AppData\Local\Microsoft\WindowsApps;d:\Program Files\JetBrains\PyCharm 2019.1.3\bin;d:\Program Files\JetBrains\PhpStorm 2019.1.3\bin;C:\Users\W\AppData\Roaming\npm;C:\Users\W\AppData\Local\atom\bin;D:\Program Files\mysql-5.6.47-winx64\bin;.]
2020-04-17 21:32:13.011  INFO 12132 --- [localhost-startStop-1] o.a.c.c.C.[Tomcat].[localhost].[/]       : Initializing Spring embedded WebApplicationContext
2020-04-17 21:32:13.012  INFO 12132 --- [localhost-startStop-1] o.s.web.context.ContextLoader            : Root WebApplicationContext: initialization completed in 1109 ms
2020-04-17 21:32:13.121  INFO 12132 --- [localhost-startStop-1] o.s.b.w.servlet.ServletRegistrationBean  : Servlet dispatcherServlet mapped to [/]
2020-04-17 21:32:13.137  INFO 12132 --- [localhost-startStop-1] o.s.b.w.servlet.FilterRegistrationBean   : Mapping filter: 'characterEncodingFilter' to: [/*]
2020-04-17 21:32:13.138  INFO 12132 --- [localhost-startStop-1] o.s.b.w.servlet.FilterRegistrationBean   : Mapping filter: 'hiddenHttpMethodFilter' to: [/*]
2020-04-17 21:32:13.138  INFO 12132 --- [localhost-startStop-1] o.s.b.w.servlet.FilterRegistrationBean   : Mapping filter: 'httpPutFormContentFilter' to: [/*]
2020-04-17 21:32:13.139  INFO 12132 --- [localhost-startStop-1] o.s.b.w.servlet.FilterRegistrationBean   : Mapping filter: 'requestContextFilter' to: [/*]
2020-04-17 21:32:13.245  INFO 12132 --- [main] o.s.w.s.handler.SimpleUrlHandlerMapping  : Mapped URL path [/**/favicon.ico] onto handler of type [class org.springframework.web.servlet.resource.ResourceHttpRequestHandler]
2020-04-17 21:32:13.413  INFO 12132 --- [main] s.w.s.m.m.a.RequestMappingHandlerAdapter : Looking for @ControllerAdvice: org.springframework.boot.web.servlet.context.AnnotationConfigServletWebServerApplicationContext@50eac852: startup date [Fri Apr 17 21:32:11 CST 2020]; root of context hierarchy
2020-04-17 21:32:13.470  INFO 12132 --- [main] s.w.s.m.m.a.RequestMappingHandlerMapping : Mapped "{[/test],methods=[GET]}" onto public java.lang.String com.zt.controller.test.test()
2020-04-17 21:32:13.472  INFO 12132 --- [main] s.w.s.m.m.a.RequestMappingHandlerMapping : Mapped "{[/test1],methods=[GET]}" onto public java.lang.String com.zt.controller.test1.test1()
2020-04-17 21:32:13.476  INFO 12132 --- [main] s.w.s.m.m.a.RequestMappingHandlerMapping : Mapped "{[/error]}" onto public org.springframework.http.ResponseEntity<java.util.Map<java.lang.String, java.lang.Object>> org.springframework.boot.autoconfigure.web.servlet.error.BasicErrorController.error(javax.servlet.http.HttpServletRequest)
2020-04-17 21:32:13.476  INFO 12132 --- [main] s.w.s.m.m.a.RequestMappingHandlerMapping : Mapped "{[/error],produces=[text/html]}" onto public org.springframework.web.servlet.ModelAndView org.springframework.boot.autoconfigure.web.servlet.error.BasicErrorController.errorHtml(javax.servlet.http.HttpServletRequest,javax.servlet.http.HttpServletResponse)
2020-04-17 21:32:13.497  INFO 12132 --- [main] o.s.w.s.handler.SimpleUrlHandlerMapping  : Mapped URL path [/webjars/**] onto handler of type [class org.springframework.web.servlet.resource.ResourceHttpRequestHandler]
2020-04-17 21:32:13.497  INFO 12132 --- [main] o.s.w.s.handler.SimpleUrlHandlerMapping  : Mapped URL path [/**] onto handler of type [class org.springframework.web.servlet.resource.ResourceHttpRequestHandler]
2020-04-17 21:32:13.626  INFO 12132 --- [main] o.s.j.e.a.AnnotationMBeanExporter        : Registering beans for JMX exposure on startup
2020-04-17 21:32:13.674  INFO 12132 --- [main] o.s.b.w.embedded.tomcat.TomcatWebServer  : Tomcat started on port(s): 8080 (http) with context path ''
2020-04-17 21:32:13.679  INFO 12132 --- [main] com.zt.App                               : Started App in 2.212 seconds (JVM running for 3.263)
2020-04-17 21:32:23.840  INFO 12132 --- [http-nio-8080-exec-1] o.a.c.c.C.[Tomcat].[localhost].[/]       : Initializing Spring FrameworkServlet 'dispatcherServlet'
2020-04-17 21:32:23.840  INFO 12132 --- [http-nio-8080-exec-1] o.s.web.servlet.DispatcherServlet        : FrameworkServlet 'dispatcherServlet': initialization started
2020-04-17 21:32:23.871  INFO 12132 --- [http-nio-8080-exec-1] o.s.web.servlet.DispatcherServlet        : FrameworkServlet 'dispatcherServlet': initialization completed in 31 ms
2020-04-17 21:32:23.887  INFO 12132 --- [http-nio-8080-exec-1] com.zt.controller.test                   : 我的日志
